{"/home/raramuri/Documents/groot/savez/react_tasks/src/App.js": {"path":"/home/raramuri/Documents/groot/savez/react_tasks/src/App.js","statementMap":{"0":{"start":{"line":8,"column":12},"end":{"line":29,"column":1}},"1":{"start":{"line":9,"column":2},"end":{"line":28,"column":3}}},"fnMap":{"0":{"name":"(anonymous_0)","decl":{"start":{"line":8,"column":12},"end":{"line":8,"column":13}},"loc":{"start":{"line":8,"column":18},"end":{"line":29,"column":1}},"line":8}},"branchMap":{},"s":{"0":1,"1":1},"f":{"0":1},"b":{},"_coverageSchema":"1a1c01bbd47fc00a2c39e90264f33305004495a9","hash":"4e3c5c8812315d05a41cdccbb335b468e895b721"}
,"/home/raramuri/Documents/groot/savez/react_tasks/src/components/task1/Todo/Todo.js": {"path":"/home/raramuri/Documents/groot/savez/react_tasks/src/components/task1/Todo/Todo.js","statementMap":{"0":{"start":{"line":7,"column":4},"end":{"line":7,"column":16}},"1":{"start":{"line":8,"column":4},"end":{"line":11,"column":5}},"2":{"start":{"line":15,"column":23},"end":{"line":15,"column":52}},"3":{"start":{"line":16,"column":4},"end":{"line":19,"column":5}},"4":{"start":{"line":17,"column":20},"end":{"line":17,"column":42}},"5":{"start":{"line":18,"column":6},"end":{"line":18,"column":36}},"6":{"start":{"line":22,"column":14},"end":{"line":26,"column":3}},"7":{"start":{"line":23,"column":4},"end":{"line":25,"column":6}},"8":{"start":{"line":28,"column":15},"end":{"line":44,"column":3}},"9":{"start":{"line":29,"column":4},"end":{"line":43,"column":5}},"10":{"start":{"line":30,"column":23},"end":{"line":37,"column":7}},"11":{"start":{"line":38,"column":6},"end":{"line":38,"column":61}},"12":{"start":{"line":39,"column":6},"end":{"line":42,"column":8}},"13":{"start":{"line":46,"column":15},"end":{"line":53,"column":3}},"14":{"start":{"line":47,"column":21},"end":{"line":47,"column":69}},"15":{"start":{"line":47,"column":54},"end":{"line":47,"column":68}},"16":{"start":{"line":48,"column":4},"end":{"line":48,"column":59}},"17":{"start":{"line":50,"column":4},"end":{"line":52,"column":6}},"18":{"start":{"line":55,"column":13},"end":{"line":63,"column":3}},"19":{"start":{"line":56,"column":21},"end":{"line":58,"column":5}},"20":{"start":{"line":57,"column":6},"end":{"line":57,"column":47}},"21":{"start":{"line":59,"column":4},"end":{"line":59,"column":59}},"22":{"start":{"line":60,"column":4},"end":{"line":62,"column":6}},"23":{"start":{"line":65,"column":14},"end":{"line":80,"column":3}},"24":{"start":{"line":66,"column":21},"end":{"line":73,"column":5}},"25":{"start":{"line":67,"column":6},"end":{"line":72,"column":14}},"26":{"start":{"line":75,"column":4},"end":{"line":75,"column":59}},"27":{"start":{"line":77,"column":4},"end":{"line":79,"column":6}},"28":{"start":{"line":83,"column":21},"end":{"line":92,"column":6}},"29":{"start":{"line":84,"column":6},"end":{"line":91,"column":8}},"30":{"start":{"line":88,"column":23},"end":{"line":88,"column":41}},"31":{"start":{"line":89,"column":21},"end":{"line":89,"column":40}},"32":{"start":{"line":90,"column":26},"end":{"line":90,"column":49}},"33":{"start":{"line":94,"column":4},"end":{"line":110,"column":5}}},"fnMap":{"0":{"name":"(anonymous_0)","decl":{"start":{"line":6,"column":2},"end":{"line":6,"column":3}},"loc":{"start":{"line":6,"column":21},"end":{"line":12,"column":3}},"line":6},"1":{"name":"(anonymous_1)","decl":{"start":{"line":14,"column":2},"end":{"line":14,"column":3}},"loc":{"start":{"line":14,"column":22},"end":{"line":20,"column":3}},"line":14},"2":{"name":"(anonymous_2)","decl":{"start":{"line":22,"column":14},"end":{"line":22,"column":15}},"loc":{"start":{"line":22,"column":21},"end":{"line":26,"column":3}},"line":22},"3":{"name":"(anonymous_3)","decl":{"start":{"line":28,"column":15},"end":{"line":28,"column":16}},"loc":{"start":{"line":28,"column":22},"end":{"line":44,"column":3}},"line":28},"4":{"name":"(anonymous_4)","decl":{"start":{"line":46,"column":15},"end":{"line":46,"column":16}},"loc":{"start":{"line":46,"column":23},"end":{"line":53,"column":3}},"line":46},"5":{"name":"(anonymous_5)","decl":{"start":{"line":47,"column":44},"end":{"line":47,"column":45}},"loc":{"start":{"line":47,"column":54},"end":{"line":47,"column":68}},"line":47},"6":{"name":"(anonymous_6)","decl":{"start":{"line":55,"column":13},"end":{"line":55,"column":14}},"loc":{"start":{"line":55,"column":27},"end":{"line":63,"column":3}},"line":55},"7":{"name":"(anonymous_7)","decl":{"start":{"line":56,"column":41},"end":{"line":56,"column":42}},"loc":{"start":{"line":57,"column":6},"end":{"line":57,"column":47}},"line":57},"8":{"name":"(anonymous_8)","decl":{"start":{"line":65,"column":14},"end":{"line":65,"column":15}},"loc":{"start":{"line":65,"column":22},"end":{"line":80,"column":3}},"line":65},"9":{"name":"(anonymous_9)","decl":{"start":{"line":66,"column":41},"end":{"line":66,"column":42}},"loc":{"start":{"line":67,"column":6},"end":{"line":72,"column":14}},"line":67},"10":{"name":"(anonymous_10)","decl":{"start":{"line":82,"column":2},"end":{"line":82,"column":3}},"loc":{"start":{"line":82,"column":11},"end":{"line":111,"column":3}},"line":82},"11":{"name":"(anonymous_11)","decl":{"start":{"line":83,"column":41},"end":{"line":83,"column":42}},"loc":{"start":{"line":84,"column":6},"end":{"line":91,"column":8}},"line":84},"12":{"name":"(anonymous_12)","decl":{"start":{"line":88,"column":17},"end":{"line":88,"column":18}},"loc":{"start":{"line":88,"column":23},"end":{"line":88,"column":41}},"line":88},"13":{"name":"(anonymous_13)","decl":{"start":{"line":89,"column":15},"end":{"line":89,"column":16}},"loc":{"start":{"line":89,"column":21},"end":{"line":89,"column":40}},"line":89},"14":{"name":"(anonymous_14)","decl":{"start":{"line":90,"column":16},"end":{"line":90,"column":17}},"loc":{"start":{"line":90,"column":26},"end":{"line":90,"column":49}},"line":90}},"branchMap":{"0":{"loc":{"start":{"line":16,"column":4},"end":{"line":19,"column":5}},"type":"if","locations":[{"start":{"line":16,"column":4},"end":{"line":19,"column":5}},{"start":{"line":16,"column":4},"end":{"line":19,"column":5}}],"line":16},"1":{"loc":{"start":{"line":29,"column":4},"end":{"line":43,"column":5}},"type":"if","locations":[{"start":{"line":29,"column":4},"end":{"line":43,"column":5}},{"start":{"line":29,"column":4},"end":{"line":43,"column":5}}],"line":29},"2":{"loc":{"start":{"line":29,"column":8},"end":{"line":29,"column":60}},"type":"binary-expr","locations":[{"start":{"line":29,"column":8},"end":{"line":29,"column":25}},{"start":{"line":29,"column":29},"end":{"line":29,"column":60}}],"line":29},"3":{"loc":{"start":{"line":57,"column":6},"end":{"line":57,"column":47}},"type":"cond-expr","locations":[{"start":{"line":57,"column":23},"end":{"line":57,"column":40}},{"start":{"line":57,"column":43},"end":{"line":57,"column":47}}],"line":57},"4":{"loc":{"start":{"line":67,"column":6},"end":{"line":72,"column":14}},"type":"cond-expr","locations":[{"start":{"line":68,"column":10},"end":{"line":71,"column":11}},{"start":{"line":72,"column":10},"end":{"line":72,"column":14}}],"line":67}},"s":{"0":9,"1":9,"2":9,"3":9,"4":7,"5":7,"6":9,"7":5,"8":9,"9":6,"10":5,"11":5,"12":5,"13":9,"14":1,"15":3,"16":1,"17":1,"18":9,"19":1,"20":3,"21":1,"22":1,"23":9,"24":1,"25":2,"26":1,"27":1,"28":29,"29":41,"30":1,"31":1,"32":1,"33":29},"f":{"0":9,"1":9,"2":5,"3":6,"4":1,"5":3,"6":1,"7":3,"8":1,"9":2,"10":29,"11":41,"12":1,"13":1,"14":1},"b":{"0":[7,2],"1":[5,1],"2":[6,6],"3":[1,2],"4":[1,1]},"_coverageSchema":"1a1c01bbd47fc00a2c39e90264f33305004495a9","hash":"ec1aaf9adafcd8959dac40e91c8f2a90a0356ab9"}
,"/home/raramuri/Documents/groot/savez/react_tasks/src/components/task1/TodoCard/ToDoCard.js": {"path":"/home/raramuri/Documents/groot/savez/react_tasks/src/components/task1/TodoCard/ToDoCard.js","statementMap":{"0":{"start":{"line":6,"column":4},"end":{"line":6,"column":16}},"1":{"start":{"line":7,"column":4},"end":{"line":10,"column":5}},"2":{"start":{"line":13,"column":15},"end":{"line":20,"column":3}},"3":{"start":{"line":14,"column":4},"end":{"line":19,"column":5}},"4":{"start":{"line":15,"column":6},"end":{"line":15,"column":40}},"5":{"start":{"line":16,"column":6},"end":{"line":18,"column":8}},"6":{"start":{"line":23,"column":4},"end":{"line":80,"column":5}},"7":{"start":{"line":33,"column":18},"end":{"line":35,"column":20}},"8":{"start":{"line":43,"column":29},"end":{"line":43,"column":49}},"9":{"start":{"line":66,"column":29},"end":{"line":66,"column":47}},"10":{"start":{"line":71,"column":16},"end":{"line":73,"column":18}}},"fnMap":{"0":{"name":"(anonymous_0)","decl":{"start":{"line":5,"column":2},"end":{"line":5,"column":3}},"loc":{"start":{"line":5,"column":21},"end":{"line":11,"column":3}},"line":5},"1":{"name":"(anonymous_1)","decl":{"start":{"line":13,"column":15},"end":{"line":13,"column":16}},"loc":{"start":{"line":13,"column":22},"end":{"line":20,"column":3}},"line":13},"2":{"name":"(anonymous_2)","decl":{"start":{"line":22,"column":2},"end":{"line":22,"column":3}},"loc":{"start":{"line":22,"column":11},"end":{"line":81,"column":3}},"line":22},"3":{"name":"(anonymous_3)","decl":{"start":{"line":32,"column":26},"end":{"line":32,"column":27}},"loc":{"start":{"line":33,"column":18},"end":{"line":35,"column":20}},"line":33},"4":{"name":"(anonymous_4)","decl":{"start":{"line":43,"column":23},"end":{"line":43,"column":24}},"loc":{"start":{"line":43,"column":29},"end":{"line":43,"column":49}},"line":43},"5":{"name":"(anonymous_5)","decl":{"start":{"line":66,"column":23},"end":{"line":66,"column":24}},"loc":{"start":{"line":66,"column":29},"end":{"line":66,"column":47}},"line":66},"6":{"name":"(anonymous_6)","decl":{"start":{"line":70,"column":23},"end":{"line":70,"column":24}},"loc":{"start":{"line":71,"column":16},"end":{"line":73,"column":18}},"line":71}},"branchMap":{"0":{"loc":{"start":{"line":14,"column":4},"end":{"line":19,"column":5}},"type":"if","locations":[{"start":{"line":14,"column":4},"end":{"line":19,"column":5}},{"start":{"line":14,"column":4},"end":{"line":19,"column":5}}],"line":14},"1":{"loc":{"start":{"line":14,"column":8},"end":{"line":14,"column":55}},"type":"binary-expr","locations":[{"start":{"line":14,"column":8},"end":{"line":14,"column":25}},{"start":{"line":14,"column":29},"end":{"line":14,"column":55}}],"line":14},"2":{"loc":{"start":{"line":26,"column":11},"end":{"line":60,"column":11}},"type":"cond-expr","locations":[{"start":{"line":27,"column":12},"end":{"line":39,"column":18}},{"start":{"line":41,"column":12},"end":{"line":59,"column":18}}],"line":26},"3":{"loc":{"start":{"line":45,"column":15},"end":{"line":49,"column":15}},"type":"cond-expr","locations":[{"start":{"line":46,"column":16},"end":{"line":46,"column":75}},{"start":{"line":48,"column":16},"end":{"line":48,"column":69}}],"line":45},"4":{"loc":{"start":{"line":50,"column":15},"end":{"line":58,"column":15}},"type":"cond-expr","locations":[{"start":{"line":51,"column":16},"end":{"line":55,"column":20}},{"start":{"line":57,"column":16},"end":{"line":57,"column":40}}],"line":50}},"s":{"0":19,"1":19,"2":19,"3":2,"4":1,"5":1,"6":46,"7":2,"8":1,"9":1,"10":2},"f":{"0":19,"1":2,"2":46,"3":2,"4":1,"5":1,"6":2},"b":{"0":[1,1],"1":[2,2],"2":[4,42],"3":[13,29],"4":[13,29]},"_coverageSchema":"1a1c01bbd47fc00a2c39e90264f33305004495a9","hash":"c7ada235e2716c9dd0b74d714368b50173497ede"}
,"/home/raramuri/Documents/groot/savez/react_tasks/src/components/task2/Board/Board.js": {"path":"/home/raramuri/Documents/groot/savez/react_tasks/src/components/task2/Board/Board.js","statementMap":{"0":{"start":{"line":8,"column":14},"end":{"line":142,"column":1}},"1":{"start":{"line":9,"column":22},"end":{"line":9,"column":33}},"2":{"start":{"line":10,"column":28},"end":{"line":13,"column":4}},"3":{"start":{"line":14,"column":39},"end":{"line":14,"column":54}},"4":{"start":{"line":15,"column":40},"end":{"line":15,"column":52}},"5":{"start":{"line":16,"column":43},"end":{"line":16,"column":58}},"6":{"start":{"line":18,"column":19},"end":{"line":36,"column":3}},"7":{"start":{"line":19,"column":4},"end":{"line":35,"column":7}},"8":{"start":{"line":30,"column":10},"end":{"line":33,"column":12}},"9":{"start":{"line":38,"column":2},"end":{"line":40,"column":8}},"10":{"start":{"line":39,"column":4},"end":{"line":39,"column":14}},"11":{"start":{"line":42,"column":20},"end":{"line":50,"column":3}},"12":{"start":{"line":43,"column":4},"end":{"line":43,"column":22}},"13":{"start":{"line":44,"column":4},"end":{"line":46,"column":5}},"14":{"start":{"line":47,"column":4},"end":{"line":47,"column":22}},"15":{"start":{"line":48,"column":4},"end":{"line":48,"column":31}},"16":{"start":{"line":49,"column":4},"end":{"line":49,"column":14}},"17":{"start":{"line":52,"column":2},"end":{"line":141,"column":3}},"18":{"start":{"line":59,"column":14},"end":{"line":59,"column":32}},"19":{"start":{"line":60,"column":14},"end":{"line":63,"column":15}},"20":{"start":{"line":64,"column":14},"end":{"line":64,"column":45}},"21":{"start":{"line":73,"column":16},"end":{"line":76,"column":18}},"22":{"start":{"line":85,"column":31},"end":{"line":85,"column":62}},"23":{"start":{"line":95,"column":27},"end":{"line":95,"column":58}},"24":{"start":{"line":104,"column":12},"end":{"line":104,"column":73}},"25":{"start":{"line":108,"column":35},"end":{"line":108,"column":47}},"26":{"start":{"line":115,"column":33},"end":{"line":115,"column":63}},"27":{"start":{"line":124,"column":33},"end":{"line":124,"column":60}},"28":{"start":{"line":133,"column":29},"end":{"line":133,"column":56}}},"fnMap":{"0":{"name":"(anonymous_0)","decl":{"start":{"line":8,"column":14},"end":{"line":8,"column":15}},"loc":{"start":{"line":8,"column":20},"end":{"line":142,"column":1}},"line":8},"1":{"name":"(anonymous_1)","decl":{"start":{"line":18,"column":19},"end":{"line":18,"column":20}},"loc":{"start":{"line":18,"column":31},"end":{"line":36,"column":3}},"line":18},"2":{"name":"(anonymous_2)","decl":{"start":{"line":29,"column":21},"end":{"line":29,"column":22}},"loc":{"start":{"line":29,"column":39},"end":{"line":34,"column":9}},"line":29},"3":{"name":"(anonymous_3)","decl":{"start":{"line":38,"column":12},"end":{"line":38,"column":13}},"loc":{"start":{"line":38,"column":18},"end":{"line":40,"column":3}},"line":38},"4":{"name":"(anonymous_4)","decl":{"start":{"line":42,"column":20},"end":{"line":42,"column":21}},"loc":{"start":{"line":42,"column":33},"end":{"line":50,"column":3}},"line":42},"5":{"name":"(anonymous_5)","decl":{"start":{"line":58,"column":22},"end":{"line":58,"column":23}},"loc":{"start":{"line":58,"column":35},"end":{"line":65,"column":13}},"line":58},"6":{"name":"(anonymous_6)","decl":{"start":{"line":72,"column":24},"end":{"line":72,"column":25}},"loc":{"start":{"line":73,"column":16},"end":{"line":76,"column":18}},"line":73},"7":{"name":"(anonymous_7)","decl":{"start":{"line":85,"column":25},"end":{"line":85,"column":26}},"loc":{"start":{"line":85,"column":31},"end":{"line":85,"column":62}},"line":85},"8":{"name":"(anonymous_8)","decl":{"start":{"line":95,"column":21},"end":{"line":95,"column":22}},"loc":{"start":{"line":95,"column":27},"end":{"line":95,"column":58}},"line":95},"9":{"name":"(anonymous_9)","decl":{"start":{"line":103,"column":26},"end":{"line":103,"column":27}},"loc":{"start":{"line":104,"column":12},"end":{"line":104,"column":73}},"line":104},"10":{"name":"(anonymous_10)","decl":{"start":{"line":108,"column":28},"end":{"line":108,"column":29}},"loc":{"start":{"line":108,"column":35},"end":{"line":108,"column":47}},"line":108},"11":{"name":"(anonymous_11)","decl":{"start":{"line":115,"column":26},"end":{"line":115,"column":27}},"loc":{"start":{"line":115,"column":33},"end":{"line":115,"column":63}},"line":115},"12":{"name":"(anonymous_12)","decl":{"start":{"line":124,"column":27},"end":{"line":124,"column":28}},"loc":{"start":{"line":124,"column":33},"end":{"line":124,"column":60}},"line":124},"13":{"name":"(anonymous_13)","decl":{"start":{"line":133,"column":23},"end":{"line":133,"column":24}},"loc":{"start":{"line":133,"column":29},"end":{"line":133,"column":56}},"line":133}},"branchMap":{"0":{"loc":{"start":{"line":55,"column":9},"end":{"line":99,"column":9}},"type":"cond-expr","locations":[{"start":{"line":56,"column":10},"end":{"line":90,"column":17}},{"start":{"line":92,"column":10},"end":{"line":98,"column":15}}],"line":55},"1":{"loc":{"start":{"line":102,"column":9},"end":{"line":105,"column":12}},"type":"binary-expr","locations":[{"start":{"line":102,"column":9},"end":{"line":102,"column":20}},{"start":{"line":103,"column":10},"end":{"line":105,"column":12}}],"line":102},"2":{"loc":{"start":{"line":107,"column":11},"end":{"line":137,"column":11}},"type":"cond-expr","locations":[{"start":{"line":108,"column":12},"end":{"line":129,"column":19}},{"start":{"line":131,"column":12},"end":{"line":136,"column":16}}],"line":107}},"s":{"0":2,"1":24,"2":23,"3":23,"4":23,"5":23,"6":23,"7":7,"8":7,"9":23,"10":5,"11":23,"12":2,"13":2,"14":2,"15":2,"16":2,"17":23,"18":2,"19":2,"20":2,"21":1,"22":1,"23":2,"24":18,"25":2,"26":1,"27":1,"28":2},"f":{"0":24,"1":7,"2":7,"3":5,"4":2,"5":2,"6":1,"7":1,"8":2,"9":18,"10":2,"11":1,"12":1,"13":2},"b":{"0":[3,20],"1":[23,18],"2":[4,19]},"_coverageSchema":"1a1c01bbd47fc00a2c39e90264f33305004495a9","hash":"59b6f43e0302ceec5b95f626875814b8c28d48fa"}
,"/home/raramuri/Documents/groot/savez/react_tasks/src/components/task2/Card/Card.js": {"path":"/home/raramuri/Documents/groot/savez/react_tasks/src/components/task2/Card/Card.js","statementMap":{"0":{"start":{"line":5,"column":13},"end":{"line":60,"column":1}},"1":{"start":{"line":6,"column":33},"end":{"line":6,"column":48}},"2":{"start":{"line":7,"column":36},"end":{"line":7,"column":50}},"3":{"start":{"line":8,"column":21},"end":{"line":13,"column":3}},"4":{"start":{"line":9,"column":4},"end":{"line":11,"column":5}},"5":{"start":{"line":12,"column":4},"end":{"line":12,"column":14}},"6":{"start":{"line":15,"column":20},"end":{"line":22,"column":3}},"7":{"start":{"line":16,"column":4},"end":{"line":16,"column":22}},"8":{"start":{"line":17,"column":4},"end":{"line":20,"column":5}},"9":{"start":{"line":21,"column":4},"end":{"line":21,"column":25}},"10":{"start":{"line":24,"column":2},"end":{"line":59,"column":3}},"11":{"start":{"line":26,"column":29},"end":{"line":26,"column":41}},"12":{"start":{"line":34,"column":27},"end":{"line":34,"column":55}},"13":{"start":{"line":39,"column":50},"end":{"line":39,"column":71}},"14":{"start":{"line":46,"column":26},"end":{"line":46,"column":47}},"15":{"start":{"line":53,"column":25},"end":{"line":53,"column":37}}},"fnMap":{"0":{"name":"(anonymous_0)","decl":{"start":{"line":5,"column":13},"end":{"line":5,"column":14}},"loc":{"start":{"line":5,"column":45},"end":{"line":60,"column":1}},"line":5},"1":{"name":"(anonymous_1)","decl":{"start":{"line":8,"column":21},"end":{"line":8,"column":22}},"loc":{"start":{"line":8,"column":33},"end":{"line":13,"column":3}},"line":8},"2":{"name":"(anonymous_2)","decl":{"start":{"line":15,"column":20},"end":{"line":15,"column":21}},"loc":{"start":{"line":15,"column":33},"end":{"line":22,"column":3}},"line":15},"3":{"name":"(anonymous_3)","decl":{"start":{"line":26,"column":22},"end":{"line":26,"column":23}},"loc":{"start":{"line":26,"column":29},"end":{"line":26,"column":41}},"line":26},"4":{"name":"(anonymous_4)","decl":{"start":{"line":34,"column":20},"end":{"line":34,"column":21}},"loc":{"start":{"line":34,"column":27},"end":{"line":34,"column":55}},"line":34},"5":{"name":"(anonymous_5)","decl":{"start":{"line":39,"column":44},"end":{"line":39,"column":45}},"loc":{"start":{"line":39,"column":50},"end":{"line":39,"column":71}},"line":39},"6":{"name":"(anonymous_6)","decl":{"start":{"line":46,"column":20},"end":{"line":46,"column":21}},"loc":{"start":{"line":46,"column":26},"end":{"line":46,"column":47}},"line":46},"7":{"name":"(anonymous_7)","decl":{"start":{"line":53,"column":19},"end":{"line":53,"column":20}},"loc":{"start":{"line":53,"column":25},"end":{"line":53,"column":37}},"line":53}},"branchMap":{"0":{"loc":{"start":{"line":24,"column":9},"end":{"line":59,"column":3}},"type":"cond-expr","locations":[{"start":{"line":25,"column":4},"end":{"line":43,"column":10}},{"start":{"line":45,"column":4},"end":{"line":58,"column":10}}],"line":24}},"s":{"0":4,"1":40,"2":40,"3":40,"4":1,"5":1,"6":40,"7":2,"8":2,"9":2,"10":40,"11":2,"12":2,"13":1,"14":2,"15":1},"f":{"0":40,"1":1,"2":2,"3":2,"4":2,"5":1,"6":2,"7":1},"b":{"0":[4,36]},"_coverageSchema":"1a1c01bbd47fc00a2c39e90264f33305004495a9","hash":"cec62f815dc53cdbc328b5caf0a2cdc4ca6f898c"}
,"/home/raramuri/Documents/groot/savez/react_tasks/src/components/task2/Home/Home.js": {"path":"/home/raramuri/Documents/groot/savez/react_tasks/src/components/task2/Home/Home.js","statementMap":{"0":{"start":{"line":7,"column":13},"end":{"line":118,"column":1}},"1":{"start":{"line":8,"column":30},"end":{"line":8,"column":44}},"2":{"start":{"line":9,"column":35},"end":{"line":9,"column":50}},"3":{"start":{"line":10,"column":42},"end":{"line":10,"column":54}},"4":{"start":{"line":11,"column":46},"end":{"line":11,"column":62}},"5":{"start":{"line":12,"column":20},"end":{"line":18,"column":3}},"6":{"start":{"line":13,"column":17},"end":{"line":15,"column":5}},"7":{"start":{"line":16,"column":4},"end":{"line":16,"column":24}},"8":{"start":{"line":17,"column":4},"end":{"line":17,"column":32}},"9":{"start":{"line":20,"column":2},"end":{"line":22,"column":8}},"10":{"start":{"line":21,"column":4},"end":{"line":21,"column":15}},"11":{"start":{"line":24,"column":2},"end":{"line":117,"column":3}},"12":{"start":{"line":33,"column":40},"end":{"line":35,"column":15}},"13":{"start":{"line":34,"column":16},"end":{"line":34,"column":73}},"14":{"start":{"line":36,"column":14},"end":{"line":36,"column":50}},"15":{"start":{"line":44,"column":12},"end":{"line":73,"column":18}},"16":{"start":{"line":59,"column":34},"end":{"line":61,"column":21}},"17":{"start":{"line":62,"column":20},"end":{"line":67,"column":21}},"18":{"start":{"line":63,"column":22},"end":{"line":65,"column":23}},"19":{"start":{"line":66,"column":22},"end":{"line":66,"column":33}},"20":{"start":{"line":80,"column":14},"end":{"line":80,"column":32}},"21":{"start":{"line":81,"column":14},"end":{"line":83,"column":15}},"22":{"start":{"line":84,"column":14},"end":{"line":84,"column":33}},"23":{"start":{"line":85,"column":14},"end":{"line":85,"column":37}},"24":{"start":{"line":86,"column":14},"end":{"line":86,"column":25}},"25":{"start":{"line":94,"column":31},"end":{"line":94,"column":62}},"26":{"start":{"line":102,"column":31},"end":{"line":102,"column":54}},"27":{"start":{"line":110,"column":47},"end":{"line":110,"column":70}}},"fnMap":{"0":{"name":"(anonymous_0)","decl":{"start":{"line":7,"column":13},"end":{"line":7,"column":14}},"loc":{"start":{"line":7,"column":19},"end":{"line":118,"column":1}},"line":7},"1":{"name":"(anonymous_1)","decl":{"start":{"line":12,"column":20},"end":{"line":12,"column":21}},"loc":{"start":{"line":12,"column":32},"end":{"line":18,"column":3}},"line":12},"2":{"name":"(anonymous_2)","decl":{"start":{"line":20,"column":12},"end":{"line":20,"column":13}},"loc":{"start":{"line":20,"column":18},"end":{"line":22,"column":3}},"line":20},"3":{"name":"(anonymous_3)","decl":{"start":{"line":32,"column":22},"end":{"line":32,"column":23}},"loc":{"start":{"line":32,"column":29},"end":{"line":37,"column":13}},"line":32},"4":{"name":"(anonymous_4)","decl":{"start":{"line":33,"column":54},"end":{"line":33,"column":55}},"loc":{"start":{"line":34,"column":16},"end":{"line":34,"column":73}},"line":34},"5":{"name":"(anonymous_5)","decl":{"start":{"line":43,"column":29},"end":{"line":43,"column":30}},"loc":{"start":{"line":44,"column":12},"end":{"line":73,"column":18}},"line":44},"6":{"name":"(anonymous_6)","decl":{"start":{"line":58,"column":27},"end":{"line":58,"column":28}},"loc":{"start":{"line":58,"column":39},"end":{"line":68,"column":19}},"line":58},"7":{"name":"(anonymous_7)","decl":{"start":{"line":79,"column":22},"end":{"line":79,"column":23}},"loc":{"start":{"line":79,"column":35},"end":{"line":87,"column":13}},"line":79},"8":{"name":"(anonymous_8)","decl":{"start":{"line":94,"column":24},"end":{"line":94,"column":25}},"loc":{"start":{"line":94,"column":31},"end":{"line":94,"column":62}},"line":94},"9":{"name":"(anonymous_9)","decl":{"start":{"line":102,"column":25},"end":{"line":102,"column":26}},"loc":{"start":{"line":102,"column":31},"end":{"line":102,"column":54}},"line":102},"10":{"name":"(anonymous_10)","decl":{"start":{"line":110,"column":41},"end":{"line":110,"column":42}},"loc":{"start":{"line":110,"column":47},"end":{"line":110,"column":70}},"line":110}},"branchMap":{"0":{"loc":{"start":{"line":42,"column":9},"end":{"line":74,"column":12}},"type":"binary-expr","locations":[{"start":{"line":42,"column":9},"end":{"line":42,"column":23}},{"start":{"line":43,"column":10},"end":{"line":74,"column":12}}],"line":42},"1":{"loc":{"start":{"line":62,"column":20},"end":{"line":67,"column":21}},"type":"if","locations":[{"start":{"line":62,"column":20},"end":{"line":67,"column":21}},{"start":{"line":62,"column":20},"end":{"line":67,"column":21}}],"line":62},"2":{"loc":{"start":{"line":76,"column":9},"end":{"line":114,"column":9}},"type":"cond-expr","locations":[{"start":{"line":77,"column":10},"end":{"line":107,"column":17}},{"start":{"line":109,"column":10},"end":{"line":113,"column":16}}],"line":76}},"s":{"0":2,"1":30,"2":29,"3":29,"4":29,"5":29,"6":8,"7":8,"8":8,"9":29,"10":5,"11":29,"12":0,"13":0,"14":0,"15":18,"16":2,"17":2,"18":1,"19":1,"20":2,"21":2,"22":2,"23":2,"24":2,"25":1,"26":1,"27":2},"f":{"0":30,"1":8,"2":5,"3":0,"4":0,"5":18,"6":2,"7":2,"8":1,"9":1,"10":2},"b":{"0":[29,18],"1":[1,1],"2":[4,25]},"_coverageSchema":"1a1c01bbd47fc00a2c39e90264f33305004495a9","hash":"2767c0b764613fab0aa0c5dda43d02e773665f89"}
,"/home/raramuri/Documents/groot/savez/react_tasks/src/components/task2/List/List.js": {"path":"/home/raramuri/Documents/groot/savez/react_tasks/src/components/task2/List/List.js","statementMap":{"0":{"start":{"line":6,"column":13},"end":{"line":139,"column":1}},"1":{"start":{"line":7,"column":34},"end":{"line":7,"column":48}},"2":{"start":{"line":8,"column":34},"end":{"line":8,"column":48}},"3":{"start":{"line":9,"column":34},"end":{"line":9,"column":46}},"4":{"start":{"line":10,"column":41},"end":{"line":10,"column":56}},"5":{"start":{"line":11,"column":55},"end":{"line":11,"column":70}},"6":{"start":{"line":13,"column":19},"end":{"line":18,"column":3}},"7":{"start":{"line":14,"column":17},"end":{"line":16,"column":5}},"8":{"start":{"line":17,"column":4},"end":{"line":17,"column":26}},"9":{"start":{"line":20,"column":2},"end":{"line":22,"column":8}},"10":{"start":{"line":21,"column":4},"end":{"line":21,"column":14}},"11":{"start":{"line":24,"column":20},"end":{"line":33,"column":3}},"12":{"start":{"line":25,"column":4},"end":{"line":25,"column":22}},"13":{"start":{"line":26,"column":4},"end":{"line":29,"column":5}},"14":{"start":{"line":30,"column":4},"end":{"line":30,"column":19}},"15":{"start":{"line":31,"column":4},"end":{"line":31,"column":47}},"16":{"start":{"line":32,"column":4},"end":{"line":32,"column":14}},"17":{"start":{"line":35,"column":22},"end":{"line":41,"column":3}},"18":{"start":{"line":36,"column":4},"end":{"line":39,"column":5}},"19":{"start":{"line":40,"column":4},"end":{"line":40,"column":14}},"20":{"start":{"line":43,"column":2},"end":{"line":138,"column":3}},"21":{"start":{"line":49,"column":14},"end":{"line":49,"column":32}},"22":{"start":{"line":50,"column":14},"end":{"line":53,"column":15}},"23":{"start":{"line":54,"column":14},"end":{"line":54,"column":43}},"24":{"start":{"line":62,"column":31},"end":{"line":62,"column":58}},"25":{"start":{"line":69,"column":29},"end":{"line":69,"column":58}},"26":{"start":{"line":79,"column":29},"end":{"line":79,"column":48}},"27":{"start":{"line":86,"column":29},"end":{"line":86,"column":58}},"28":{"start":{"line":97,"column":12},"end":{"line":103,"column":14}},"29":{"start":{"line":107,"column":31},"end":{"line":107,"column":43}},"30":{"start":{"line":114,"column":29},"end":{"line":114,"column":56}},"31":{"start":{"line":123,"column":29},"end":{"line":123,"column":72}},"32":{"start":{"line":132,"column":25},"end":{"line":132,"column":68}}},"fnMap":{"0":{"name":"(anonymous_0)","decl":{"start":{"line":6,"column":13},"end":{"line":6,"column":14}},"loc":{"start":{"line":6,"column":45},"end":{"line":139,"column":1}},"line":6},"1":{"name":"(anonymous_1)","decl":{"start":{"line":13,"column":19},"end":{"line":13,"column":20}},"loc":{"start":{"line":13,"column":31},"end":{"line":18,"column":3}},"line":13},"2":{"name":"(anonymous_2)","decl":{"start":{"line":20,"column":12},"end":{"line":20,"column":13}},"loc":{"start":{"line":20,"column":18},"end":{"line":22,"column":3}},"line":20},"3":{"name":"(anonymous_3)","decl":{"start":{"line":24,"column":20},"end":{"line":24,"column":21}},"loc":{"start":{"line":24,"column":33},"end":{"line":33,"column":3}},"line":24},"4":{"name":"(anonymous_4)","decl":{"start":{"line":35,"column":22},"end":{"line":35,"column":23}},"loc":{"start":{"line":35,"column":40},"end":{"line":41,"column":3}},"line":35},"5":{"name":"(anonymous_5)","decl":{"start":{"line":48,"column":22},"end":{"line":48,"column":23}},"loc":{"start":{"line":48,"column":35},"end":{"line":55,"column":13}},"line":48},"6":{"name":"(anonymous_6)","decl":{"start":{"line":62,"column":24},"end":{"line":62,"column":25}},"loc":{"start":{"line":62,"column":31},"end":{"line":62,"column":58}},"line":62},"7":{"name":"(anonymous_7)","decl":{"start":{"line":69,"column":23},"end":{"line":69,"column":24}},"loc":{"start":{"line":69,"column":29},"end":{"line":69,"column":58}},"line":69},"8":{"name":"(anonymous_8)","decl":{"start":{"line":79,"column":23},"end":{"line":79,"column":24}},"loc":{"start":{"line":79,"column":29},"end":{"line":79,"column":48}},"line":79},"9":{"name":"(anonymous_9)","decl":{"start":{"line":86,"column":23},"end":{"line":86,"column":24}},"loc":{"start":{"line":86,"column":29},"end":{"line":86,"column":58}},"line":86},"10":{"name":"(anonymous_10)","decl":{"start":{"line":96,"column":23},"end":{"line":96,"column":24}},"loc":{"start":{"line":97,"column":12},"end":{"line":103,"column":14}},"line":97},"11":{"name":"(anonymous_11)","decl":{"start":{"line":107,"column":24},"end":{"line":107,"column":25}},"loc":{"start":{"line":107,"column":31},"end":{"line":107,"column":43}},"line":107},"12":{"name":"(anonymous_12)","decl":{"start":{"line":114,"column":22},"end":{"line":114,"column":23}},"loc":{"start":{"line":114,"column":29},"end":{"line":114,"column":56}},"line":114},"13":{"name":"(anonymous_13)","decl":{"start":{"line":123,"column":23},"end":{"line":123,"column":24}},"loc":{"start":{"line":123,"column":29},"end":{"line":123,"column":72}},"line":123},"14":{"name":"(anonymous_14)","decl":{"start":{"line":132,"column":19},"end":{"line":132,"column":20}},"loc":{"start":{"line":132,"column":25},"end":{"line":132,"column":68}},"line":132}},"branchMap":{"0":{"loc":{"start":{"line":46,"column":9},"end":{"line":91,"column":9}},"type":"cond-expr","locations":[{"start":{"line":47,"column":10},"end":{"line":73,"column":17}},{"start":{"line":75,"column":10},"end":{"line":90,"column":16}}],"line":46},"1":{"loc":{"start":{"line":95,"column":9},"end":{"line":104,"column":12}},"type":"binary-expr","locations":[{"start":{"line":95,"column":9},"end":{"line":95,"column":17}},{"start":{"line":96,"column":10},"end":{"line":104,"column":12}}],"line":95},"2":{"loc":{"start":{"line":106,"column":7},"end":{"line":136,"column":7}},"type":"cond-expr","locations":[{"start":{"line":107,"column":8},"end":{"line":128,"column":15}},{"start":{"line":130,"column":8},"end":{"line":135,"column":17}}],"line":106}},"s":{"0":3,"1":50,"2":50,"3":50,"4":50,"5":50,"6":50,"7":13,"8":13,"9":50,"10":11,"11":50,"12":2,"13":2,"14":2,"15":2,"16":2,"17":50,"18":1,"19":1,"20":50,"21":2,"22":2,"23":2,"24":2,"25":1,"26":1,"27":2,"28":31,"29":2,"30":1,"31":1,"32":2},"f":{"0":50,"1":13,"2":11,"3":2,"4":1,"5":2,"6":2,"7":1,"8":1,"9":2,"10":31,"11":2,"12":1,"13":1,"14":2},"b":{"0":[4,46],"1":[50,31],"2":[4,46]},"_coverageSchema":"1a1c01bbd47fc00a2c39e90264f33305004495a9","hash":"56216e19cb38ad0f62962408d4e443cf0a28388b"}
}
