TN:
SF:src/App.js
FN:8,(anonymous_0)
FNF:1
FNH:1
FNDA:1,(anonymous_0)
DA:8,1
DA:9,1
LF:2
LH:2
BRF:0
BRH:0
end_of_record
TN:
SF:src/components/task1/Todo/Todo.js
FN:6,(anonymous_0)
FN:14,(anonymous_1)
FN:22,(anonymous_2)
FN:28,(anonymous_3)
FN:46,(anonymous_4)
FN:47,(anonymous_5)
FN:55,(anonymous_6)
FN:56,(anonymous_7)
FN:65,(anonymous_8)
FN:66,(anonymous_9)
FN:82,(anonymous_10)
FN:83,(anonymous_11)
FN:88,(anonymous_12)
FN:89,(anonymous_13)
FN:90,(anonymous_14)
FNF:15
FNH:15
FNDA:9,(anonymous_0)
FNDA:9,(anonymous_1)
FNDA:5,(anonymous_2)
FNDA:6,(anonymous_3)
FNDA:1,(anonymous_4)
FNDA:3,(anonymous_5)
FNDA:1,(anonymous_6)
FNDA:3,(anonymous_7)
FNDA:1,(anonymous_8)
FNDA:2,(anonymous_9)
FNDA:29,(anonymous_10)
FNDA:41,(anonymous_11)
FNDA:1,(anonymous_12)
FNDA:1,(anonymous_13)
FNDA:1,(anonymous_14)
DA:7,9
DA:8,9
DA:15,9
DA:16,9
DA:17,7
DA:18,7
DA:22,9
DA:23,5
DA:28,9
DA:29,6
DA:30,5
DA:38,5
DA:39,5
DA:46,9
DA:47,3
DA:48,1
DA:50,1
DA:55,9
DA:56,1
DA:57,3
DA:59,1
DA:60,1
DA:65,9
DA:66,1
DA:67,2
DA:75,1
DA:77,1
DA:83,29
DA:84,41
DA:88,1
DA:89,1
DA:90,1
DA:94,29
LF:33
LH:33
BRDA:16,0,0,7
BRDA:16,0,1,2
BRDA:29,1,0,5
BRDA:29,1,1,1
BRDA:29,2,0,6
BRDA:29,2,1,6
BRDA:57,3,0,1
BRDA:57,3,1,2
BRDA:67,4,0,1
BRDA:67,4,1,1
BRF:10
BRH:10
end_of_record
TN:
SF:src/components/task1/TodoCard/ToDoCard.js
FN:5,(anonymous_0)
FN:13,(anonymous_1)
FN:22,(anonymous_2)
FN:32,(anonymous_3)
FN:43,(anonymous_4)
FN:66,(anonymous_5)
FN:70,(anonymous_6)
FNF:7
FNH:7
FNDA:19,(anonymous_0)
FNDA:2,(anonymous_1)
FNDA:46,(anonymous_2)
FNDA:2,(anonymous_3)
FNDA:1,(anonymous_4)
FNDA:1,(anonymous_5)
FNDA:2,(anonymous_6)
DA:6,19
DA:7,19
DA:13,19
DA:14,2
DA:15,1
DA:16,1
DA:23,46
DA:33,2
DA:43,1
DA:66,1
DA:71,2
LF:11
LH:11
BRDA:14,0,0,1
BRDA:14,0,1,1
BRDA:14,1,0,2
BRDA:14,1,1,2
BRDA:26,2,0,4
BRDA:26,2,1,42
BRDA:45,3,0,13
BRDA:45,3,1,29
BRDA:50,4,0,13
BRDA:50,4,1,29
BRF:10
BRH:10
end_of_record
TN:
SF:src/components/task2/Board/Board.js
FN:8,(anonymous_0)
FN:18,(anonymous_1)
FN:29,(anonymous_2)
FN:38,(anonymous_3)
FN:42,(anonymous_4)
FN:58,(anonymous_5)
FN:72,(anonymous_6)
FN:85,(anonymous_7)
FN:95,(anonymous_8)
FN:103,(anonymous_9)
FN:108,(anonymous_10)
FN:115,(anonymous_11)
FN:124,(anonymous_12)
FN:133,(anonymous_13)
FNF:14
FNH:14
FNDA:24,(anonymous_0)
FNDA:7,(anonymous_1)
FNDA:7,(anonymous_2)
FNDA:5,(anonymous_3)
FNDA:2,(anonymous_4)
FNDA:2,(anonymous_5)
FNDA:1,(anonymous_6)
FNDA:1,(anonymous_7)
FNDA:2,(anonymous_8)
FNDA:18,(anonymous_9)
FNDA:2,(anonymous_10)
FNDA:1,(anonymous_11)
FNDA:1,(anonymous_12)
FNDA:2,(anonymous_13)
DA:8,2
DA:9,24
DA:10,23
DA:14,23
DA:15,23
DA:16,23
DA:18,23
DA:19,7
DA:30,7
DA:38,23
DA:39,5
DA:42,23
DA:43,2
DA:44,2
DA:47,2
DA:48,2
DA:49,2
DA:52,23
DA:59,2
DA:60,2
DA:64,2
DA:73,1
DA:85,1
DA:95,2
DA:104,18
DA:108,2
DA:115,1
DA:124,1
DA:133,2
LF:29
LH:29
BRDA:55,0,0,3
BRDA:55,0,1,20
BRDA:102,1,0,23
BRDA:102,1,1,18
BRDA:107,2,0,4
BRDA:107,2,1,19
BRF:6
BRH:6
end_of_record
TN:
SF:src/components/task2/Card/Card.js
FN:5,(anonymous_0)
FN:8,(anonymous_1)
FN:15,(anonymous_2)
FN:26,(anonymous_3)
FN:34,(anonymous_4)
FN:39,(anonymous_5)
FN:46,(anonymous_6)
FN:53,(anonymous_7)
FNF:8
FNH:8
FNDA:40,(anonymous_0)
FNDA:1,(anonymous_1)
FNDA:2,(anonymous_2)
FNDA:2,(anonymous_3)
FNDA:2,(anonymous_4)
FNDA:1,(anonymous_5)
FNDA:2,(anonymous_6)
FNDA:1,(anonymous_7)
DA:5,4
DA:6,40
DA:7,40
DA:8,40
DA:9,1
DA:12,1
DA:15,40
DA:16,2
DA:17,2
DA:21,2
DA:24,40
DA:26,2
DA:34,2
DA:39,1
DA:46,2
DA:53,1
LF:16
LH:16
BRDA:24,0,0,4
BRDA:24,0,1,36
BRF:2
BRH:2
end_of_record
TN:
SF:src/components/task2/Home/Home.js
FN:7,(anonymous_0)
FN:12,(anonymous_1)
FN:20,(anonymous_2)
FN:32,(anonymous_3)
FN:33,(anonymous_4)
FN:43,(anonymous_5)
FN:58,(anonymous_6)
FN:79,(anonymous_7)
FN:94,(anonymous_8)
FN:102,(anonymous_9)
FN:110,(anonymous_10)
FNF:11
FNH:9
FNDA:30,(anonymous_0)
FNDA:8,(anonymous_1)
FNDA:5,(anonymous_2)
FNDA:0,(anonymous_3)
FNDA:0,(anonymous_4)
FNDA:18,(anonymous_5)
FNDA:2,(anonymous_6)
FNDA:2,(anonymous_7)
FNDA:1,(anonymous_8)
FNDA:1,(anonymous_9)
FNDA:2,(anonymous_10)
DA:7,2
DA:8,30
DA:9,29
DA:10,29
DA:11,29
DA:12,29
DA:13,8
DA:16,8
DA:17,8
DA:20,29
DA:21,5
DA:24,29
DA:33,0
DA:34,0
DA:36,0
DA:44,18
DA:59,2
DA:62,2
DA:63,1
DA:66,1
DA:80,2
DA:81,2
DA:84,2
DA:85,2
DA:86,2
DA:94,1
DA:102,1
DA:110,2
LF:28
LH:25
BRDA:42,0,0,29
BRDA:42,0,1,18
BRDA:62,1,0,1
BRDA:62,1,1,1
BRDA:76,2,0,4
BRDA:76,2,1,25
BRF:6
BRH:6
end_of_record
TN:
SF:src/components/task2/List/List.js
FN:6,(anonymous_0)
FN:13,(anonymous_1)
FN:20,(anonymous_2)
FN:24,(anonymous_3)
FN:35,(anonymous_4)
FN:48,(anonymous_5)
FN:62,(anonymous_6)
FN:69,(anonymous_7)
FN:79,(anonymous_8)
FN:86,(anonymous_9)
FN:96,(anonymous_10)
FN:107,(anonymous_11)
FN:114,(anonymous_12)
FN:123,(anonymous_13)
FN:132,(anonymous_14)
FNF:15
FNH:15
FNDA:50,(anonymous_0)
FNDA:13,(anonymous_1)
FNDA:11,(anonymous_2)
FNDA:2,(anonymous_3)
FNDA:1,(anonymous_4)
FNDA:2,(anonymous_5)
FNDA:2,(anonymous_6)
FNDA:1,(anonymous_7)
FNDA:1,(anonymous_8)
FNDA:2,(anonymous_9)
FNDA:31,(anonymous_10)
FNDA:2,(anonymous_11)
FNDA:1,(anonymous_12)
FNDA:1,(anonymous_13)
FNDA:2,(anonymous_14)
DA:6,3
DA:7,50
DA:8,50
DA:9,50
DA:10,50
DA:11,50
DA:13,50
DA:14,13
DA:17,13
DA:20,50
DA:21,11
DA:24,50
DA:25,2
DA:26,2
DA:30,2
DA:31,2
DA:32,2
DA:35,50
DA:36,1
DA:40,1
DA:43,50
DA:49,2
DA:50,2
DA:54,2
DA:62,2
DA:69,1
DA:79,1
DA:86,2
DA:97,31
DA:107,2
DA:114,1
DA:123,1
DA:132,2
LF:33
LH:33
BRDA:46,0,0,4
BRDA:46,0,1,46
BRDA:95,1,0,50
BRDA:95,1,1,31
BRDA:106,2,0,4
BRDA:106,2,1,46
BRF:6
BRH:6
end_of_record
